D:\HDA\SWE_AB\ROBPATHEDITOR\ROBPATHEDITOR\DEBUG\BMPHANDLER.OBJ
D:\HDA\SWE_AB\ROBPATHEDITOR\ROBPATHEDITOR\DEBUG\IMGPROCESSOR.OBJ
D:\HDA\SWE_AB\ROBPATHEDITOR\ROBPATHEDITOR\DEBUG\LINE2D.OBJ
D:\HDA\SWE_AB\ROBPATHEDITOR\ROBPATHEDITOR\DEBUG\POINT2D.OBJ
D:\HDA\SWE_AB\ROBPATHEDITOR\ROBPATHEDITOR\DEBUG\POINTSEQUENCER.OBJ
D:\HDA\SWE_AB\ROBPATHEDITOR\ROBPATHEDITOR\DEBUG\ROBPATHEDITOR.OBJ
D:\HDA\SWE_AB\ROBPATHEDITOR\ROBPATHEDITOR\DEBUG\SEGMENTAPPROXIMATOR.OBJ
D:\HDA\SWE_AB\ROBPATHEDITOR\ROBPATHEDITOR\DEBUG\VC110.PDB
D:\HDA\SWE_AB\ROBPATHEDITOR\ROBPATHEDITOR\DEBUG\SEGMENTSEQUENCER.OBJ
D:\HDA\SWE_AB\ROBPATHEDITOR\ROBPATHEDITOR\DEBUG\PATHBUILDER.OBJ
D:\HDA\SWE_AB\RobPathEditor\RobPathEditor\Debug\BmpHandler.obj
D:\HDA\SWE_AB\RobPathEditor\RobPathEditor\Debug\ImgProcessor.obj
D:\HDA\SWE_AB\RobPathEditor\RobPathEditor\Debug\Line2D.obj
D:\HDA\SWE_AB\RobPathEditor\RobPathEditor\Debug\PathBuilder.obj
D:\HDA\SWE_AB\RobPathEditor\RobPathEditor\Debug\Point2D.obj
D:\HDA\SWE_AB\RobPathEditor\RobPathEditor\Debug\PointSequencer.obj
D:\HDA\SWE_AB\RobPathEditor\RobPathEditor\Debug\RobPathEditor.obj
D:\HDA\SWE_AB\RobPathEditor\RobPathEditor\Debug\SegmentApproximator.obj
D:\HDA\SWE_AB\RobPathEditor\RobPathEditor\Debug\SegmentSequencer.obj
D:\HDA\SWE_AB\RobPathEditor\RobPathEditor\Debug\cl.command.1.tlog
D:\HDA\SWE_AB\RobPathEditor\RobPathEditor\Debug\CL.read.1.tlog
D:\HDA\SWE_AB\RobPathEditor\RobPathEditor\Debug\CL.write.1.tlog
D:\HDA\SWE_AB\RobPathEditor\RobPathEditor\Debug\link-cvtres.read.1.tlog
D:\HDA\SWE_AB\RobPathEditor\RobPathEditor\Debug\link-cvtres.write.1.tlog
D:\HDA\SWE_AB\RobPathEditor\RobPathEditor\Debug\link-rc.read.1.tlog
D:\HDA\SWE_AB\RobPathEditor\RobPathEditor\Debug\link-rc.write.1.tlog
D:\HDA\SWE_AB\RobPathEditor\RobPathEditor\Debug\link.4016-cvtres.read.1.tlog
D:\HDA\SWE_AB\RobPathEditor\RobPathEditor\Debug\link.4016-cvtres.write.1.tlog
D:\HDA\SWE_AB\RobPathEditor\RobPathEditor\Debug\link.4016-rc.read.1.tlog
D:\HDA\SWE_AB\RobPathEditor\RobPathEditor\Debug\link.4016-rc.write.1.tlog
D:\HDA\SWE_AB\RobPathEditor\RobPathEditor\Debug\link.4016.read.1.tlog
D:\HDA\SWE_AB\RobPathEditor\RobPathEditor\Debug\link.4016.write.1.tlog
D:\HDA\SWE_AB\RobPathEditor\RobPathEditor\Debug\link.4908-cvtres.read.1.tlog
D:\HDA\SWE_AB\RobPathEditor\RobPathEditor\Debug\link.4908-cvtres.write.1.tlog
D:\HDA\SWE_AB\RobPathEditor\RobPathEditor\Debug\link.4908-rc.read.1.tlog
D:\HDA\SWE_AB\RobPathEditor\RobPathEditor\Debug\link.4908-rc.write.1.tlog
D:\HDA\SWE_AB\RobPathEditor\RobPathEditor\Debug\link.4908.read.1.tlog
D:\HDA\SWE_AB\RobPathEditor\RobPathEditor\Debug\link.4908.write.1.tlog
D:\HDA\SWE_AB\RobPathEditor\RobPathEditor\Debug\link.5136-cvtres.read.1.tlog
D:\HDA\SWE_AB\RobPathEditor\RobPathEditor\Debug\link.5136-cvtres.write.1.tlog
D:\HDA\SWE_AB\RobPathEditor\RobPathEditor\Debug\link.5136-rc.read.1.tlog
D:\HDA\SWE_AB\RobPathEditor\RobPathEditor\Debug\link.5136-rc.write.1.tlog
D:\HDA\SWE_AB\RobPathEditor\RobPathEditor\Debug\link.5136.read.1.tlog
D:\HDA\SWE_AB\RobPathEditor\RobPathEditor\Debug\link.5136.write.1.tlog
D:\HDA\SWE_AB\RobPathEditor\RobPathEditor\Debug\link.6412-cvtres.read.1.tlog
D:\HDA\SWE_AB\RobPathEditor\RobPathEditor\Debug\link.6412-cvtres.write.1.tlog
D:\HDA\SWE_AB\RobPathEditor\RobPathEditor\Debug\link.6412-rc.read.1.tlog
D:\HDA\SWE_AB\RobPathEditor\RobPathEditor\Debug\link.6412-rc.write.1.tlog
D:\HDA\SWE_AB\RobPathEditor\RobPathEditor\Debug\link.6412.read.1.tlog
D:\HDA\SWE_AB\RobPathEditor\RobPathEditor\Debug\link.6412.write.1.tlog
D:\HDA\SWE_AB\RobPathEditor\RobPathEditor\Debug\link.7340-cvtres.read.1.tlog
D:\HDA\SWE_AB\RobPathEditor\RobPathEditor\Debug\link.7340-cvtres.write.1.tlog
D:\HDA\SWE_AB\RobPathEditor\RobPathEditor\Debug\link.7340-rc.read.1.tlog
D:\HDA\SWE_AB\RobPathEditor\RobPathEditor\Debug\link.7340-rc.write.1.tlog
D:\HDA\SWE_AB\RobPathEditor\RobPathEditor\Debug\link.7340.read.1.tlog
D:\HDA\SWE_AB\RobPathEditor\RobPathEditor\Debug\link.7340.write.1.tlog
D:\HDA\SWE_AB\RobPathEditor\RobPathEditor\Debug\link.8088-cvtres.read.1.tlog
D:\HDA\SWE_AB\RobPathEditor\RobPathEditor\Debug\link.8088-cvtres.write.1.tlog
D:\HDA\SWE_AB\RobPathEditor\RobPathEditor\Debug\link.8088-rc.read.1.tlog
D:\HDA\SWE_AB\RobPathEditor\RobPathEditor\Debug\link.8088-rc.write.1.tlog
D:\HDA\SWE_AB\RobPathEditor\RobPathEditor\Debug\link.8088.read.1.tlog
D:\HDA\SWE_AB\RobPathEditor\RobPathEditor\Debug\link.8088.write.1.tlog
D:\HDA\SWE_AB\RobPathEditor\RobPathEditor\Debug\link.command.1.tlog
D:\HDA\SWE_AB\RobPathEditor\RobPathEditor\Debug\link.read.1.tlog
D:\HDA\SWE_AB\RobPathEditor\RobPathEditor\Debug\link.write.1.tlog
D:\HDA\SWE_AB\RobPathEditor\RobPathEditor\Debug\vc110.idb
D:\HDA\SWE_AB\RobPathEditor\RobPathEditor\Debug\vc110.pdb
